{"C:\\Users\\crist\\projects\\node-laravel-django\\full-stack-nasa-project\\server\\src\\app.js": {"path":"C:\\Users\\crist\\projects\\node-laravel-django\\full-stack-nasa-project\\server\\src\\app.js","statementMap":{"0":{"start":{"line":1,"column":16},"end":{"line":1,"column":34}},"1":{"start":{"line":2,"column":13},"end":{"line":2,"column":28}},"2":{"start":{"line":3,"column":13},"end":{"line":3,"column":28}},"3":{"start":{"line":4,"column":15},"end":{"line":4,"column":32}},"4":{"start":{"line":6,"column":22},"end":{"line":6,"column":64}},"5":{"start":{"line":7,"column":23},"end":{"line":7,"column":70}},"6":{"start":{"line":9,"column":20},"end":{"line":22,"column":1}},"7":{"start":{"line":11,"column":22},"end":{"line":15,"column":5}},"8":{"start":{"line":16,"column":4},"end":{"line":20,"column":5}},"9":{"start":{"line":17,"column":6},"end":{"line":17,"column":27}},"10":{"start":{"line":19,"column":6},"end":{"line":19,"column":49}},"11":{"start":{"line":24,"column":12},"end":{"line":24,"column":21}},"12":{"start":{"line":26,"column":0},"end":{"line":26,"column":27}},"13":{"start":{"line":27,"column":0},"end":{"line":27,"column":28}},"14":{"start":{"line":29,"column":0},"end":{"line":29,"column":24}},"15":{"start":{"line":30,"column":0},"end":{"line":30,"column":62}},"16":{"start":{"line":32,"column":0},"end":{"line":32,"column":35}},"17":{"start":{"line":33,"column":0},"end":{"line":33,"column":37}},"18":{"start":{"line":36,"column":0},"end":{"line":38,"column":3}},"19":{"start":{"line":37,"column":2},"end":{"line":37,"column":67}},"20":{"start":{"line":40,"column":0},"end":{"line":40,"column":21}}},"fnMap":{"0":{"name":"(anonymous_0)","decl":{"start":{"line":10,"column":10},"end":{"line":10,"column":11}},"loc":{"start":{"line":10,"column":38},"end":{"line":21,"column":3}},"line":10},"1":{"name":"(anonymous_1)","decl":{"start":{"line":36,"column":14},"end":{"line":36,"column":15}},"loc":{"start":{"line":36,"column":34},"end":{"line":38,"column":1}},"line":36}},"branchMap":{"0":{"loc":{"start":{"line":16,"column":4},"end":{"line":20,"column":5}},"type":"if","locations":[{"start":{"line":16,"column":4},"end":{"line":20,"column":5}},{"start":{"line":18,"column":11},"end":{"line":20,"column":5}}],"line":16}},"s":{"0":1,"1":1,"2":1,"3":1,"4":1,"5":1,"6":1,"7":6,"8":6,"9":6,"10":0,"11":1,"12":1,"13":1,"14":1,"15":1,"16":1,"17":1,"18":1,"19":0,"20":1},"f":{"0":6,"1":0},"b":{"0":[6,0]},"_coverageSchema":"1a1c01bbd47fc00a2c39e90264f33305004495a9","hash":"3f509553ffc09f935a348f259cfdc93b8580fce6"}
,"C:\\Users\\crist\\projects\\node-laravel-django\\full-stack-nasa-project\\server\\src\\models\\launches.model.js": {"path":"C:\\Users\\crist\\projects\\node-laravel-django\\full-stack-nasa-project\\server\\src\\models\\launches.model.js","statementMap":{"0":{"start":{"line":1,"column":17},"end":{"line":1,"column":26}},"1":{"start":{"line":2,"column":25},"end":{"line":2,"column":28}},"2":{"start":{"line":4,"column":15},"end":{"line":13,"column":1}},"3":{"start":{"line":15,"column":0},"end":{"line":15,"column":42}},"4":{"start":{"line":18,"column":2},"end":{"line":18,"column":32}},"5":{"start":{"line":22,"column":18},"end":{"line":22,"column":40}},"6":{"start":{"line":23,"column":2},"end":{"line":23,"column":27}},"7":{"start":{"line":24,"column":2},"end":{"line":24,"column":26}},"8":{"start":{"line":25,"column":2},"end":{"line":25,"column":17}},"9":{"start":{"line":29,"column":2},"end":{"line":29,"column":39}},"10":{"start":{"line":33,"column":2},"end":{"line":33,"column":23}},"11":{"start":{"line":34,"column":2},"end":{"line":42,"column":4}},"12":{"start":{"line":45,"column":0},"end":{"line":51,"column":2}}},"fnMap":{"0":{"name":"existsLaunchWithId","decl":{"start":{"line":17,"column":9},"end":{"line":17,"column":27}},"loc":{"start":{"line":17,"column":38},"end":{"line":19,"column":1}},"line":17},"1":{"name":"abortyLaunchById","decl":{"start":{"line":21,"column":9},"end":{"line":21,"column":25}},"loc":{"start":{"line":21,"column":36},"end":{"line":26,"column":1}},"line":21},"2":{"name":"getAllLaunches","decl":{"start":{"line":28,"column":9},"end":{"line":28,"column":23}},"loc":{"start":{"line":28,"column":26},"end":{"line":30,"column":1}},"line":28},"3":{"name":"addNewLaunch","decl":{"start":{"line":32,"column":9},"end":{"line":32,"column":21}},"loc":{"start":{"line":32,"column":29},"end":{"line":43,"column":1}},"line":32}},"branchMap":{},"s":{"0":1,"1":1,"2":1,"3":1,"4":2,"5":1,"6":1,"7":1,"8":1,"9":1,"10":1,"11":1,"12":1},"f":{"0":2,"1":1,"2":1,"3":1},"b":{},"_coverageSchema":"1a1c01bbd47fc00a2c39e90264f33305004495a9","hash":"f8c16c17bcf1a9f61107143bd4b03b6afc090609"}
,"C:\\Users\\crist\\projects\\node-laravel-django\\full-stack-nasa-project\\server\\src\\models\\planets.model.js": {"path":"C:\\Users\\crist\\projects\\node-laravel-django\\full-stack-nasa-project\\server\\src\\models\\planets.model.js","statementMap":{"0":{"start":{"line":1,"column":18},"end":{"line":1,"column":38}},"1":{"start":{"line":2,"column":11},"end":{"line":2,"column":24}},"2":{"start":{"line":3,"column":13},"end":{"line":3,"column":28}},"3":{"start":{"line":5,"column":25},"end":{"line":5,"column":27}},"4":{"start":{"line":8,"column":2},"end":{"line":13,"column":4}},"5":{"start":{"line":17,"column":2},"end":{"line":39,"column":5}},"6":{"start":{"line":18,"column":4},"end":{"line":38,"column":9}},"7":{"start":{"line":28,"column":8},"end":{"line":30,"column":9}},"8":{"start":{"line":29,"column":10},"end":{"line":29,"column":38}},"9":{"start":{"line":33,"column":8},"end":{"line":33,"column":20}},"10":{"start":{"line":36,"column":8},"end":{"line":36,"column":75}},"11":{"start":{"line":37,"column":8},"end":{"line":37,"column":18}},"12":{"start":{"line":43,"column":2},"end":{"line":43,"column":26}},"13":{"start":{"line":46,"column":0},"end":{"line":46,"column":52}}},"fnMap":{"0":{"name":"isHabitablePlanet","decl":{"start":{"line":7,"column":9},"end":{"line":7,"column":26}},"loc":{"start":{"line":7,"column":35},"end":{"line":14,"column":1}},"line":7},"1":{"name":"loadPlanetsData","decl":{"start":{"line":16,"column":9},"end":{"line":16,"column":24}},"loc":{"start":{"line":16,"column":27},"end":{"line":40,"column":1}},"line":16},"2":{"name":"(anonymous_2)","decl":{"start":{"line":17,"column":21},"end":{"line":17,"column":22}},"loc":{"start":{"line":17,"column":42},"end":{"line":39,"column":3}},"line":17},"3":{"name":"(anonymous_3)","decl":{"start":{"line":27,"column":18},"end":{"line":27,"column":19}},"loc":{"start":{"line":27,"column":28},"end":{"line":31,"column":7}},"line":27},"4":{"name":"(anonymous_4)","decl":{"start":{"line":32,"column":19},"end":{"line":32,"column":20}},"loc":{"start":{"line":32,"column":28},"end":{"line":34,"column":7}},"line":32},"5":{"name":"(anonymous_5)","decl":{"start":{"line":35,"column":17},"end":{"line":35,"column":18}},"loc":{"start":{"line":35,"column":23},"end":{"line":38,"column":7}},"line":35},"6":{"name":"getAllPlanets","decl":{"start":{"line":42,"column":9},"end":{"line":42,"column":22}},"loc":{"start":{"line":42,"column":25},"end":{"line":44,"column":1}},"line":42}},"branchMap":{"0":{"loc":{"start":{"line":9,"column":4},"end":{"line":12,"column":28}},"type":"binary-expr","locations":[{"start":{"line":9,"column":4},"end":{"line":9,"column":45}},{"start":{"line":10,"column":4},"end":{"line":10,"column":30}},{"start":{"line":11,"column":4},"end":{"line":11,"column":30}},{"start":{"line":12,"column":4},"end":{"line":12,"column":28}}],"line":9},"1":{"loc":{"start":{"line":28,"column":8},"end":{"line":30,"column":9}},"type":"if","locations":[{"start":{"line":28,"column":8},"end":{"line":30,"column":9}},{"start":{},"end":{}}],"line":28}},"s":{"0":1,"1":1,"2":1,"3":1,"4":0,"5":0,"6":0,"7":0,"8":0,"9":0,"10":0,"11":0,"12":0,"13":1},"f":{"0":0,"1":0,"2":0,"3":0,"4":0,"5":0,"6":0},"b":{"0":[0,0,0,0],"1":[0,0]},"_coverageSchema":"1a1c01bbd47fc00a2c39e90264f33305004495a9","hash":"e5fa4e14e81d426298e48b6044900ba395593978"}
,"C:\\Users\\crist\\projects\\node-laravel-django\\full-stack-nasa-project\\server\\src\\routes\\launches\\launches.controller.js": {"path":"C:\\Users\\crist\\projects\\node-laravel-django\\full-stack-nasa-project\\server\\src\\routes\\launches\\launches.controller.js","statementMap":{"0":{"start":{"line":6,"column":4},"end":{"line":6,"column":42}},"1":{"start":{"line":9,"column":2},"end":{"line":9,"column":48}},"2":{"start":{"line":13,"column":17},"end":{"line":13,"column":25}},"3":{"start":{"line":15,"column":2},"end":{"line":24,"column":3}},"4":{"start":{"line":21,"column":4},"end":{"line":23,"column":7}},"5":{"start":{"line":25,"column":2},"end":{"line":25,"column":50}},"6":{"start":{"line":26,"column":2},"end":{"line":26,"column":33}},"7":{"start":{"line":28,"column":2},"end":{"line":32,"column":3}},"8":{"start":{"line":29,"column":4},"end":{"line":31,"column":7}},"9":{"start":{"line":34,"column":2},"end":{"line":34,"column":23}},"10":{"start":{"line":35,"column":2},"end":{"line":35,"column":38}},"11":{"start":{"line":39,"column":19},"end":{"line":39,"column":33}},"12":{"start":{"line":41,"column":2},"end":{"line":44,"column":7}},"13":{"start":{"line":42,"column":4},"end":{"line":44,"column":7}},"14":{"start":{"line":46,"column":18},"end":{"line":46,"column":44}},"15":{"start":{"line":47,"column":2},"end":{"line":47,"column":39}},"16":{"start":{"line":50,"column":0},"end":{"line":50,"column":75}}},"fnMap":{"0":{"name":"httpGetAllLaunches","decl":{"start":{"line":8,"column":9},"end":{"line":8,"column":27}},"loc":{"start":{"line":8,"column":38},"end":{"line":10,"column":1}},"line":8},"1":{"name":"httpAddNewLaunch","decl":{"start":{"line":12,"column":9},"end":{"line":12,"column":25}},"loc":{"start":{"line":12,"column":36},"end":{"line":36,"column":1}},"line":12},"2":{"name":"httpAbortLaunch","decl":{"start":{"line":38,"column":9},"end":{"line":38,"column":24}},"loc":{"start":{"line":38,"column":35},"end":{"line":48,"column":1}},"line":38}},"branchMap":{"0":{"loc":{"start":{"line":15,"column":2},"end":{"line":24,"column":3}},"type":"if","locations":[{"start":{"line":15,"column":2},"end":{"line":24,"column":3}},{"start":{},"end":{}}],"line":15},"1":{"loc":{"start":{"line":16,"column":4},"end":{"line":19,"column":18}},"type":"binary-expr","locations":[{"start":{"line":16,"column":4},"end":{"line":16,"column":19}},{"start":{"line":17,"column":4},"end":{"line":17,"column":18}},{"start":{"line":18,"column":4},"end":{"line":18,"column":22}},{"start":{"line":19,"column":4},"end":{"line":19,"column":18}}],"line":16},"2":{"loc":{"start":{"line":28,"column":2},"end":{"line":32,"column":3}},"type":"if","locations":[{"start":{"line":28,"column":2},"end":{"line":32,"column":3}},{"start":{},"end":{}}],"line":28},"3":{"loc":{"start":{"line":41,"column":2},"end":{"line":44,"column":7}},"type":"if","locations":[{"start":{"line":41,"column":2},"end":{"line":44,"column":7}},{"start":{},"end":{}}],"line":41}},"s":{"0":1,"1":1,"2":3,"3":3,"4":1,"5":2,"6":2,"7":2,"8":1,"9":1,"10":1,"11":2,"12":2,"13":1,"14":1,"15":1,"16":1},"f":{"0":1,"1":3,"2":2},"b":{"0":[1,2],"1":[3,3,3,2],"2":[1,1],"3":[1,1]},"_coverageSchema":"1a1c01bbd47fc00a2c39e90264f33305004495a9","hash":"0357b4b437352235e15b3b98ecfe0bad0d226e23"}
,"C:\\Users\\crist\\projects\\node-laravel-django\\full-stack-nasa-project\\server\\src\\routes\\launches\\launches.router.js": {"path":"C:\\Users\\crist\\projects\\node-laravel-django\\full-stack-nasa-project\\server\\src\\routes\\launches\\launches.router.js","statementMap":{"0":{"start":{"line":1,"column":16},"end":{"line":1,"column":34}},"1":{"start":{"line":2,"column":23},"end":{"line":2,"column":39}},"2":{"start":{"line":7,"column":4},"end":{"line":7,"column":36}},"3":{"start":{"line":9,"column":0},"end":{"line":9,"column":44}},"4":{"start":{"line":10,"column":0},"end":{"line":10,"column":43}},"5":{"start":{"line":11,"column":0},"end":{"line":11,"column":47}},"6":{"start":{"line":13,"column":0},"end":{"line":13,"column":32}}},"fnMap":{},"branchMap":{},"s":{"0":1,"1":1,"2":1,"3":1,"4":1,"5":1,"6":1},"f":{},"b":{},"_coverageSchema":"1a1c01bbd47fc00a2c39e90264f33305004495a9","hash":"31947b7754f3dfeaca3caf6906e2e141c2f482f9"}
,"C:\\Users\\crist\\projects\\node-laravel-django\\full-stack-nasa-project\\server\\src\\routes\\planets\\planets.controller.js": {"path":"C:\\Users\\crist\\projects\\node-laravel-django\\full-stack-nasa-project\\server\\src\\routes\\planets\\planets.controller.js","statementMap":{"0":{"start":{"line":1,"column":26},"end":{"line":1,"column":63}},"1":{"start":{"line":4,"column":2},"end":{"line":4,"column":47}},"2":{"start":{"line":7,"column":0},"end":{"line":9,"column":2}}},"fnMap":{"0":{"name":"httpGetAllPlanets","decl":{"start":{"line":3,"column":9},"end":{"line":3,"column":26}},"loc":{"start":{"line":3,"column":37},"end":{"line":5,"column":1}},"line":3}},"branchMap":{},"s":{"0":1,"1":0,"2":1},"f":{"0":0},"b":{},"_coverageSchema":"1a1c01bbd47fc00a2c39e90264f33305004495a9","hash":"f86672f7b39bdede91eba026a7e8ccaa6e827a70"}
,"C:\\Users\\crist\\projects\\node-laravel-django\\full-stack-nasa-project\\server\\src\\routes\\planets\\planets.router.js": {"path":"C:\\Users\\crist\\projects\\node-laravel-django\\full-stack-nasa-project\\server\\src\\routes\\planets\\planets.router.js","statementMap":{"0":{"start":{"line":1,"column":16},"end":{"line":1,"column":34}},"1":{"start":{"line":2,"column":22},"end":{"line":2,"column":38}},"2":{"start":{"line":3,"column":30},"end":{"line":3,"column":61}},"3":{"start":{"line":5,"column":0},"end":{"line":5,"column":42}},"4":{"start":{"line":7,"column":0},"end":{"line":7,"column":31}}},"fnMap":{},"branchMap":{},"s":{"0":1,"1":1,"2":1,"3":1,"4":1},"f":{},"b":{},"_coverageSchema":"1a1c01bbd47fc00a2c39e90264f33305004495a9","hash":"a89fdb197746defdbbd4d711c834dd2f6d172137"}
}
