TN:
SF:src\app.js
FN:10,(anonymous_0)
FN:36,(anonymous_1)
FNF:2
FNH:1
FNDA:6,(anonymous_0)
FNDA:0,(anonymous_1)
DA:1,1
DA:2,1
DA:3,1
DA:4,1
DA:6,1
DA:7,1
DA:9,1
DA:11,6
DA:16,6
DA:17,6
DA:19,0
DA:24,1
DA:26,1
DA:27,1
DA:29,1
DA:30,1
DA:32,1
DA:33,1
DA:36,1
DA:37,0
DA:40,1
LF:21
LH:19
BRDA:16,0,0,6
BRDA:16,0,1,0
BRF:2
BRH:1
end_of_record
TN:
SF:src\models\launches.model.js
FN:17,existsLaunchWithId
FN:21,abortyLaunchById
FN:28,getAllLaunches
FN:32,addNewLaunch
FNF:4
FNH:4
FNDA:2,existsLaunchWithId
FNDA:1,abortyLaunchById
FNDA:1,getAllLaunches
FNDA:1,addNewLaunch
DA:1,1
DA:2,1
DA:4,1
DA:15,1
DA:18,2
DA:22,1
DA:23,1
DA:24,1
DA:25,1
DA:29,1
DA:33,1
DA:34,1
DA:45,1
LF:13
LH:13
BRF:0
BRH:0
end_of_record
TN:
SF:src\models\planets.model.js
FN:7,isHabitablePlanet
FN:16,loadPlanetsData
FN:17,(anonymous_2)
FN:27,(anonymous_3)
FN:32,(anonymous_4)
FN:35,(anonymous_5)
FN:42,getAllPlanets
FNF:7
FNH:0
FNDA:0,isHabitablePlanet
FNDA:0,loadPlanetsData
FNDA:0,(anonymous_2)
FNDA:0,(anonymous_3)
FNDA:0,(anonymous_4)
FNDA:0,(anonymous_5)
FNDA:0,getAllPlanets
DA:1,1
DA:2,1
DA:3,1
DA:5,1
DA:8,0
DA:17,0
DA:18,0
DA:28,0
DA:29,0
DA:33,0
DA:36,0
DA:37,0
DA:43,0
DA:46,1
LF:14
LH:5
BRDA:9,0,0,0
BRDA:9,0,1,0
BRDA:9,0,2,0
BRDA:9,0,3,0
BRDA:28,1,0,0
BRDA:28,1,1,0
BRF:6
BRH:0
end_of_record
TN:
SF:src\routes\launches\launches.controller.js
FN:8,httpGetAllLaunches
FN:12,httpAddNewLaunch
FN:38,httpAbortLaunch
FNF:3
FNH:3
FNDA:1,httpGetAllLaunches
FNDA:3,httpAddNewLaunch
FNDA:2,httpAbortLaunch
DA:6,1
DA:9,1
DA:13,3
DA:15,3
DA:21,1
DA:25,2
DA:26,2
DA:28,2
DA:29,1
DA:34,1
DA:35,1
DA:39,2
DA:41,2
DA:42,1
DA:46,1
DA:47,1
DA:50,1
LF:17
LH:17
BRDA:15,0,0,1
BRDA:15,0,1,2
BRDA:16,1,0,3
BRDA:16,1,1,3
BRDA:16,1,2,3
BRDA:16,1,3,2
BRDA:28,2,0,1
BRDA:28,2,1,1
BRDA:41,3,0,1
BRDA:41,3,1,1
BRF:10
BRH:10
end_of_record
TN:
SF:src\routes\launches\launches.router.js
FNF:0
FNH:0
DA:1,1
DA:2,1
DA:7,1
DA:9,1
DA:10,1
DA:11,1
DA:13,1
LF:7
LH:7
BRF:0
BRH:0
end_of_record
TN:
SF:src\routes\planets\planets.controller.js
FN:3,httpGetAllPlanets
FNF:1
FNH:0
FNDA:0,httpGetAllPlanets
DA:1,1
DA:4,0
DA:7,1
LF:3
LH:2
BRF:0
BRH:0
end_of_record
TN:
SF:src\routes\planets\planets.router.js
FNF:0
FNH:0
DA:1,1
DA:2,1
DA:3,1
DA:5,1
DA:7,1
LF:5
LH:5
BRF:0
BRH:0
end_of_record
